2024-12-07 20:03:39 INFO  - Starting TicketingSystemBackendApplication using Java 23.0.1 with PID 12044 (C:\Users\chamo\OneDrive\Desktop\ticketing-system\backend\target\classes started by chamo in C:\Users\chamo\OneDrive\Desktop\ticketing-system)
2024-12-07 20:03:39 DEBUG - Running with Spring Boot v3.3.4, Spring v6.1.13
2024-12-07 20:03:39 INFO  - No active profile set, falling back to 1 default profile: "default"
2024-12-07 20:03:40 INFO  - Bootstrapping Spring Data JPA repositories in DEFAULT mode.
2024-12-07 20:03:40 INFO  - Finished Spring Data repository scanning in 33 ms. Found 4 JPA repository interfaces.
2024-12-07 20:03:40 INFO  - Tomcat initialized with port 8081 (http)
2024-12-07 20:03:40 INFO  - Initializing ProtocolHandler ["http-nio-8081"]
2024-12-07 20:03:40 INFO  - Starting service [Tomcat]
2024-12-07 20:03:40 INFO  - Starting Servlet engine: [Apache Tomcat/10.1.30]
2024-12-07 20:03:40 INFO  - Initializing Spring embedded WebApplicationContext
2024-12-07 20:03:40 INFO  - Root WebApplicationContext: initialization completed in 901 ms
2024-12-07 20:03:40 INFO  - HHH000204: Processing PersistenceUnitInfo [name: default]
2024-12-07 20:03:40 INFO  - HHH000412: Hibernate ORM core version 6.5.3.Final
2024-12-07 20:03:40 INFO  - HHH000026: Second-level cache disabled
2024-12-07 20:03:40 INFO  - No LoadTimeWeaver setup: ignoring JPA class transformer
2024-12-07 20:03:40 INFO  - HikariPool-1 - Starting...
2024-12-07 20:03:41 INFO  - HikariPool-1 - Added connection com.mysql.cj.jdbc.ConnectionImpl@4cb82b09
2024-12-07 20:03:41 INFO  - HikariPool-1 - Start completed.
2024-12-07 20:03:41 INFO  - HHH000489: No JTA platform available (set 'hibernate.transaction.jta.platform' to enable JTA platform integration)
2024-12-07 20:03:41 INFO  - Initialized JPA EntityManagerFactory for persistence unit 'default'
2024-12-07 20:03:41 INFO  - Configuration-[totalTickets:20, ticketReleaseRate:5, customerRetrievalRate:4, maxTicketCapacity=100] loaded from file.
2024-12-07 20:03:41 INFO  - Ticket pool configured with max capacity-100 and total tickets-20
2024-12-07 20:03:42 INFO  - Exposing 1 endpoint beneath base path '/actuator'
2024-12-07 20:03:42 INFO  - Starting ProtocolHandler ["http-nio-8081"]
2024-12-07 20:03:42 INFO  - Tomcat started on port 8081 (http) with context path '/'
2024-12-07 20:03:42 INFO  - Started TicketingSystemBackendApplication in 2.92 seconds (process running for 3.419)
2024-12-07 20:03:42 INFO  - Initializing Spring DispatcherServlet 'dispatcherServlet'
2024-12-07 20:03:42 INFO  - Initializing Servlet 'dispatcherServlet'
2024-12-07 20:03:42 INFO  - Completed initialization in 2 ms
2024-12-07 20:03:53 INFO  - Customer-1 added.
2024-12-07 20:03:53 INFO  - Customer-2 added.
2024-12-07 20:03:59 WARN  - No vendors to start.
2024-12-07 20:03:59 INFO  - Customer-1 started.
2024-12-07 20:03:59 INFO  - Customer-2 started.
2024-12-07 20:03:59 INFO  - [Customer-1] Purchased 4 tickets. (Pool size-16)
2024-12-07 20:03:59 INFO  - [Customer-2] Purchased 4 tickets. (Pool size-12)
2024-12-07 20:04:00 INFO  - [Customer-1] Purchased 4 tickets. (Pool size-8)
2024-12-07 20:04:00 INFO  - [Customer-2] Purchased 4 tickets. (Pool size-4)
2024-12-07 20:04:01 WARN  - No vendors to stop.
2024-12-07 20:04:01 ERROR - [Customer-1] Interrupted during operation.
2024-12-07 20:04:01 ERROR - [Customer-2] Interrupted during operation.
2024-12-07 20:04:01 INFO  - Configuration-[totalTickets:20, ticketReleaseRate:5, customerRetrievalRate:4, maxTicketCapacity=100] loaded from file.
2024-12-07 20:04:01 INFO  - Ticket pool configured with max capacity-100 and total tickets-20
2024-12-07 20:04:01 INFO  - All customers stopped.
2024-12-07 20:06:11 INFO  - Closing JPA EntityManagerFactory for persistence unit 'default'
2024-12-07 20:06:11 INFO  - HikariPool-1 - Shutdown initiated...
2024-12-07 20:06:11 INFO  - HikariPool-1 - Shutdown completed.
2024-12-07 20:06:15 INFO  - Starting TicketingSystemBackendApplication using Java 23.0.1 with PID 20128 (C:\Users\chamo\OneDrive\Desktop\ticketing-system\backend\target\classes started by chamo in C:\Users\chamo\OneDrive\Desktop\ticketing-system)
2024-12-07 20:06:15 DEBUG - Running with Spring Boot v3.3.4, Spring v6.1.13
2024-12-07 20:06:15 INFO  - No active profile set, falling back to 1 default profile: "default"
2024-12-07 20:06:16 INFO  - Bootstrapping Spring Data JPA repositories in DEFAULT mode.
2024-12-07 20:06:16 INFO  - Finished Spring Data repository scanning in 31 ms. Found 4 JPA repository interfaces.
2024-12-07 20:06:16 INFO  - Tomcat initialized with port 8081 (http)
2024-12-07 20:06:16 INFO  - Initializing ProtocolHandler ["http-nio-8081"]
2024-12-07 20:06:16 INFO  - Starting service [Tomcat]
2024-12-07 20:06:16 INFO  - Starting Servlet engine: [Apache Tomcat/10.1.30]
2024-12-07 20:06:16 INFO  - Initializing Spring embedded WebApplicationContext
2024-12-07 20:06:16 INFO  - Root WebApplicationContext: initialization completed in 922 ms
2024-12-07 20:06:16 INFO  - HHH000204: Processing PersistenceUnitInfo [name: default]
2024-12-07 20:06:16 INFO  - HHH000412: Hibernate ORM core version 6.5.3.Final
2024-12-07 20:06:16 INFO  - HHH000026: Second-level cache disabled
2024-12-07 20:06:16 INFO  - No LoadTimeWeaver setup: ignoring JPA class transformer
2024-12-07 20:06:16 INFO  - HikariPool-1 - Starting...
2024-12-07 20:06:17 INFO  - HikariPool-1 - Added connection com.mysql.cj.jdbc.ConnectionImpl@74d53d63
2024-12-07 20:06:17 INFO  - HikariPool-1 - Start completed.
2024-12-07 20:06:17 INFO  - HHH000489: No JTA platform available (set 'hibernate.transaction.jta.platform' to enable JTA platform integration)
2024-12-07 20:06:17 INFO  - Initialized JPA EntityManagerFactory for persistence unit 'default'
2024-12-07 20:06:17 INFO  - Configuration-[totalTickets:20, ticketReleaseRate:5, customerRetrievalRate:4, maxTicketCapacity=100] loaded from file.
2024-12-07 20:06:17 INFO  - Ticket pool configured with max capacity-100 and total tickets-20
2024-12-07 20:06:18 INFO  - Exposing 1 endpoint beneath base path '/actuator'
2024-12-07 20:06:18 INFO  - Starting ProtocolHandler ["http-nio-8081"]
2024-12-07 20:06:18 INFO  - Tomcat started on port 8081 (http) with context path '/'
2024-12-07 20:06:18 INFO  - Started TicketingSystemBackendApplication in 3.062 seconds (process running for 3.637)
2024-12-07 20:06:18 INFO  - Initializing Spring DispatcherServlet 'dispatcherServlet'
2024-12-07 20:06:18 INFO  - Initializing Servlet 'dispatcherServlet'
2024-12-07 20:06:18 INFO  - Completed initialization in 1 ms
2024-12-07 20:14:36 INFO  - Closing JPA EntityManagerFactory for persistence unit 'default'
2024-12-07 20:14:36 INFO  - HikariPool-1 - Shutdown initiated...
2024-12-07 20:14:36 INFO  - HikariPool-1 - Shutdown completed.
2024-12-10 17:00:20 INFO  - Starting TicketingSystemBackendApplication using Java 23.0.1 with PID 22316 (C:\Users\chamo\OneDrive\Desktop\ticketing-system\backend\target\classes started by chamo in C:\Users\chamo\OneDrive\Desktop\ticketing-system)
2024-12-10 17:00:20 DEBUG - Running with Spring Boot v3.3.4, Spring v6.1.13
2024-12-10 17:00:20 INFO  - No active profile set, falling back to 1 default profile: "default"
2024-12-10 17:00:20 INFO  - Bootstrapping Spring Data JPA repositories in DEFAULT mode.
2024-12-10 17:00:20 INFO  - Finished Spring Data repository scanning in 28 ms. Found 4 JPA repository interfaces.
2024-12-10 17:00:21 INFO  - Tomcat initialized with port 8081 (http)
2024-12-10 17:00:21 INFO  - Initializing ProtocolHandler ["http-nio-8081"]
2024-12-10 17:00:21 INFO  - Starting service [Tomcat]
2024-12-10 17:00:21 INFO  - Starting Servlet engine: [Apache Tomcat/10.1.30]
2024-12-10 17:00:21 INFO  - Initializing Spring embedded WebApplicationContext
2024-12-10 17:00:21 INFO  - Root WebApplicationContext: initialization completed in 860 ms
2024-12-10 17:00:21 INFO  - HHH000204: Processing PersistenceUnitInfo [name: default]
2024-12-10 17:00:21 INFO  - HHH000412: Hibernate ORM core version 6.5.3.Final
2024-12-10 17:00:21 INFO  - HHH000026: Second-level cache disabled
2024-12-10 17:00:21 INFO  - No LoadTimeWeaver setup: ignoring JPA class transformer
2024-12-10 17:00:21 INFO  - HikariPool-1 - Starting...
2024-12-10 17:00:21 INFO  - HikariPool-1 - Added connection com.mysql.cj.jdbc.ConnectionImpl@d70dbeb
2024-12-10 17:00:21 INFO  - HikariPool-1 - Start completed.
2024-12-10 17:00:22 INFO  - HHH000489: No JTA platform available (set 'hibernate.transaction.jta.platform' to enable JTA platform integration)
2024-12-10 17:00:22 INFO  - Initialized JPA EntityManagerFactory for persistence unit 'default'
2024-12-10 17:00:22 INFO  - Configuration-[totalTickets:40, ticketReleaseRate:5, customerRetrievalRate:4, maxTicketCapacity=150] loaded from file.
2024-12-10 17:00:22 INFO  - Ticket pool configured with max capacity-150 and total tickets-40
2024-12-10 17:00:22 INFO  - Exposing 1 endpoint beneath base path '/actuator'
2024-12-10 17:00:22 INFO  - Starting ProtocolHandler ["http-nio-8081"]
2024-12-10 17:00:22 INFO  - Tomcat started on port 8081 (http) with context path '/'
2024-12-10 17:00:22 INFO  - Started TicketingSystemBackendApplication in 2.855 seconds (process running for 3.436)
2024-12-10 17:00:23 INFO  - Initializing Spring DispatcherServlet 'dispatcherServlet'
2024-12-10 17:00:23 INFO  - Initializing Servlet 'dispatcherServlet'
2024-12-10 17:00:23 INFO  - Completed initialization in 1 ms
2024-12-10 17:01:14 INFO  - Closing JPA EntityManagerFactory for persistence unit 'default'
2024-12-10 17:01:14 INFO  - HikariPool-1 - Shutdown initiated...
2024-12-10 17:01:14 INFO  - HikariPool-1 - Shutdown completed.
